[0.011s] Invoking command in '/home/dev_pc/dev_ws/src/racer_bot/build/racer_bot': CMAKE_PREFIX_PATH=/opt/ros/foxy:${CMAKE_PREFIX_PATH} /usr/bin/cmake /home/dev_pc/dev_ws/src/racer_bot -DAMENT_CMAKE_SYMLINK_INSTALL=1 -DCMAKE_INSTALL_PREFIX=/home/dev_pc/dev_ws/src/racer_bot/install/racer_bot
[0.056s] -- The C compiler identification is GNU 9.4.0
[0.102s] -- The CXX compiler identification is GNU 9.4.0
[0.105s] -- Check for working C compiler: /usr/bin/cc
[0.164s] -- Check for working C compiler: /usr/bin/cc -- works
[0.165s] -- Detecting C compiler ABI info
[0.223s] -- Detecting C compiler ABI info - done
[0.233s] -- Detecting C compile features
[0.233s] -- Detecting C compile features - done
[0.235s] -- Check for working CXX compiler: /usr/bin/c++
[0.301s] -- Check for working CXX compiler: /usr/bin/c++ -- works
[0.302s] -- Detecting CXX compiler ABI info
[0.371s] -- Detecting CXX compiler ABI info - done
[0.381s] -- Detecting CXX compile features
[0.382s] -- Detecting CXX compile features - done
[0.384s] -- Found ament_cmake: 0.9.12 (/opt/ros/foxy/share/ament_cmake/cmake)
[0.404s] -- Found PythonInterp: /usr/bin/python3 (found suitable version "3.8.10", minimum required is "3") 
[0.404s] -- Using PYTHON_EXECUTABLE: /usr/bin/python3
[0.552s] -- Override CMake install command with custom implementation using symlinks instead of copying resources
[0.577s] -- Found teleop_twist_joy: 2.4.3 (/opt/ros/foxy/share/teleop_twist_joy/cmake)
[0.580s] -- Found ament_lint_auto: 0.9.8 (/opt/ros/foxy/share/ament_lint_auto/cmake)
[0.639s] -- Added test 'copyright' to check source files copyright and LICENSE
[0.648s] -- Added test 'cppcheck' to perform static code analysis on C / C++ code
[0.648s] -- Configured cppcheck include dirs: 
[0.649s] -- Configured cppcheck exclude dirs and/or files: 
[0.656s] -- Added test 'cpplint' to check C / C++ code against the Google style
[0.656s] -- Configured cpplint exclude dirs and/or files: 
[0.658s] -- Added test 'flake8' to check Python code syntax and style conventions
[0.660s] -- Added test 'lint_cmake' to check CMake code style
[0.662s] -- Added test 'pep257' to check Python code against some of the style conventions in PEP 257
[0.670s] -- Added test 'uncrustify' to check C / C++ code style
[0.670s] -- Configured uncrustify additional arguments: 
[0.671s] -- Added test 'xmllint' to check XML markup files
[0.673s] -- Configuring done
[0.675s] -- Generating done
[0.676s] -- Build files have been written to: /home/dev_pc/dev_ws/src/racer_bot/build/racer_bot
[0.679s] Invoked command in '/home/dev_pc/dev_ws/src/racer_bot/build/racer_bot' returned '0': CMAKE_PREFIX_PATH=/opt/ros/foxy:${CMAKE_PREFIX_PATH} /usr/bin/cmake /home/dev_pc/dev_ws/src/racer_bot -DAMENT_CMAKE_SYMLINK_INSTALL=1 -DCMAKE_INSTALL_PREFIX=/home/dev_pc/dev_ws/src/racer_bot/install/racer_bot
[0.682s] Invoking command in '/home/dev_pc/dev_ws/src/racer_bot/build/racer_bot': CMAKE_PREFIX_PATH=/opt/ros/foxy:${CMAKE_PREFIX_PATH} /usr/bin/cmake --build /home/dev_pc/dev_ws/src/racer_bot/build/racer_bot -- -j6 -l6
[0.715s] Invoked command in '/home/dev_pc/dev_ws/src/racer_bot/build/racer_bot' returned '0': CMAKE_PREFIX_PATH=/opt/ros/foxy:${CMAKE_PREFIX_PATH} /usr/bin/cmake --build /home/dev_pc/dev_ws/src/racer_bot/build/racer_bot -- -j6 -l6
[0.726s] Invoking command in '/home/dev_pc/dev_ws/src/racer_bot/build/racer_bot': CMAKE_PREFIX_PATH=/opt/ros/foxy:${CMAKE_PREFIX_PATH} /usr/bin/cmake --install /home/dev_pc/dev_ws/src/racer_bot/build/racer_bot
[0.734s] -- Install configuration: ""
[0.734s] -- Execute custom install script
[0.734s] -- Symlinking: /home/dev_pc/dev_ws/src/racer_bot/install/racer_bot/share/racer_bot/config/empty.yaml
[0.743s] -- Symlinking: /home/dev_pc/dev_ws/src/racer_bot/install/racer_bot/share/racer_bot/description/gazebo_control.xacro
[0.751s] -- Symlinking: /home/dev_pc/dev_ws/src/racer_bot/install/racer_bot/share/racer_bot/description/inertial_macros.xacro
[0.759s] -- Symlinking: /home/dev_pc/dev_ws/src/racer_bot/install/racer_bot/share/racer_bot/description/lidar.xacro
[0.767s] -- Symlinking: /home/dev_pc/dev_ws/src/racer_bot/install/racer_bot/share/racer_bot/description/robot.urdf.xacro
[0.774s] -- Symlinking: /home/dev_pc/dev_ws/src/racer_bot/install/racer_bot/share/racer_bot/description/robot_core.xacro
[0.782s] -- Symlinking: /home/dev_pc/dev_ws/src/racer_bot/install/racer_bot/share/racer_bot/launch/launch_sim.launch.py
[0.790s] -- Symlinking: /home/dev_pc/dev_ws/src/racer_bot/install/racer_bot/share/racer_bot/launch/rsp.launch.py
[0.798s] -- Symlinking: /home/dev_pc/dev_ws/src/racer_bot/install/racer_bot/share/racer_bot/worlds/empty.world
[0.806s] -- Symlinking: /home/dev_pc/dev_ws/src/racer_bot/install/racer_bot/share/ament_index/resource_index/package_run_dependencies/racer_bot
[0.814s] -- Symlinking: /home/dev_pc/dev_ws/src/racer_bot/install/racer_bot/share/ament_index/resource_index/parent_prefix_path/racer_bot
[0.822s] -- Symlinking: /home/dev_pc/dev_ws/src/racer_bot/install/racer_bot/share/racer_bot/environment/ament_prefix_path.sh
[0.830s] -- Symlinking: /home/dev_pc/dev_ws/src/racer_bot/install/racer_bot/share/racer_bot/environment/ament_prefix_path.dsv
[0.838s] -- Symlinking: /home/dev_pc/dev_ws/src/racer_bot/install/racer_bot/share/racer_bot/environment/path.sh
[0.846s] -- Symlinking: /home/dev_pc/dev_ws/src/racer_bot/install/racer_bot/share/racer_bot/environment/path.dsv
[0.854s] -- Symlinking: /home/dev_pc/dev_ws/src/racer_bot/install/racer_bot/share/racer_bot/local_setup.bash
[0.862s] -- Symlinking: /home/dev_pc/dev_ws/src/racer_bot/install/racer_bot/share/racer_bot/local_setup.sh
[0.869s] -- Symlinking: /home/dev_pc/dev_ws/src/racer_bot/install/racer_bot/share/racer_bot/local_setup.zsh
[0.877s] -- Symlinking: /home/dev_pc/dev_ws/src/racer_bot/install/racer_bot/share/racer_bot/local_setup.dsv
[0.884s] -- Symlinking: /home/dev_pc/dev_ws/src/racer_bot/install/racer_bot/share/racer_bot/package.dsv
[0.892s] -- Symlinking: /home/dev_pc/dev_ws/src/racer_bot/install/racer_bot/share/ament_index/resource_index/packages/racer_bot
[0.900s] -- Symlinking: /home/dev_pc/dev_ws/src/racer_bot/install/racer_bot/share/racer_bot/cmake/racer_botConfig.cmake
[0.907s] -- Symlinking: /home/dev_pc/dev_ws/src/racer_bot/install/racer_bot/share/racer_bot/cmake/racer_botConfig-version.cmake
[0.915s] -- Symlinking: /home/dev_pc/dev_ws/src/racer_bot/install/racer_bot/share/racer_bot/package.xml
[0.924s] Invoked command in '/home/dev_pc/dev_ws/src/racer_bot/build/racer_bot' returned '0': CMAKE_PREFIX_PATH=/opt/ros/foxy:${CMAKE_PREFIX_PATH} /usr/bin/cmake --install /home/dev_pc/dev_ws/src/racer_bot/build/racer_bot
